
    ###########
    Saturday, 15. June 2013 04:12PM
    -----------
    Content-Type: text/html; charset="us-ascii"
MIME-Version: 1.0
Content-Transfer-Encoding: 7bit
Subject: Fotodelic - comment added
From: Dev site <noreply@localhost>
To: site@email.com

A comment has been added to fotodelic.co.uk:

 localhost:8000/gallery/Aviation/51bc831b6e95524dd0805d2e
    ###########
    
    ###########
    Saturday, 15. June 2013 04:14PM
    -----------
    Content-Type: text/html; charset="us-ascii"
MIME-Version: 1.0
Content-Transfer-Encoding: 7bit
Subject: Fotodelic - comment added
From: Dev site <noreply@localhost>
To: site@email.com

A comment has been added to fotodelic.co.uk:

 localhost:8000/gallery/Aviation/51bc84ce6e95524eeb62a9d9
    ###########
    